10:58:02: Creating resource group General
10:58:02: Creating resource group Internal
10:58:02: Creating resource group Autodetect
10:58:02: SceneManagerFactory for type 'DefaultSceneManager' registered.
10:58:02: Registering ResourceManager for type Material
10:58:02: Registering ResourceManager for type Mesh
10:58:02: Registering ResourceManager for type Skeleton
10:58:02: MovableObjectFactory for type 'ParticleSystem' registered.
10:58:02: OverlayElementFactory for type Panel registered.
10:58:02: OverlayElementFactory for type BorderPanel registered.
10:58:02: OverlayElementFactory for type TextArea registered.
10:58:02: Registering ResourceManager for type Font
10:58:02: ArchiveFactory for archive type FileSystem registered.
10:58:02: ArchiveFactory for archive type Zip registered.
10:58:02: FreeImage version: 3.10.0
10:58:02: This program uses FreeImage, a free, open source image library supporting all common bitmap formats. See http://freeimage.sourceforge.net for details
10:58:02: Supported formats: bmp,ico,jpg,jif,jpeg,jpe,jng,koa,iff,lbm,mng,pbm,pbm,pcd,pcx,pgm,pgm,png,ppm,ppm,ras,tga,targa,tif,tiff,wap,wbmp,wbm,psd,cut,xbm,xpm,gif,hdr,g3,sgi,exr,j2k,j2c,jp2
10:58:02: DDS codec registering
10:58:02: Registering ResourceManager for type HighLevelGpuProgram
10:58:02: Registering ResourceManager for type Compositor
10:58:02: MovableObjectFactory for type 'Entity' registered.
10:58:02: MovableObjectFactory for type 'Light' registered.
10:58:02: MovableObjectFactory for type 'BillboardSet' registered.
10:58:02: MovableObjectFactory for type 'ManualObject' registered.
10:58:02: MovableObjectFactory for type 'BillboardChain' registered.
10:58:02: MovableObjectFactory for type 'RibbonTrail' registered.
10:58:02: OGRE EXCEPTION(6:FileNotFoundException): 'plugins.cfg' file not found! in ConfigFile::load at ..\src\OgreConfigFile.cpp (line 84)
10:58:02: plugins.cfg not found, automatic plugin loading disabled.
10:58:02: *-*-* OGRE Initialising
10:58:02: *-*-* Version 1.6.5 (Shoggoth)
10:58:02: OGRE EXCEPTION(6:FileNotFoundException): 'resources.cfg' file not found! in ConfigFile::load at ..\src\OgreConfigFile.cpp (line 84)
